{
  "RSpec": {
    "coverage": {
      "/Users/ellabastian/Makers/Project_Fungis/spec/integration/app_spec.rb": {
        "lines": [
          1,
          1,
          1,
          null,
          null,
          null,
          null,
          null,
          null,
          null,
          1,
          null,
          1,
          null,
          8,
          null,
          null,
          null,
          null,
          null,
          1,
          1,
          1,
          1,
          1,
          null,
          null,
          null,
          1,
          1,
          1,
          1,
          1,
          null,
          1,
          1,
          1,
          1,
          null,
          null,
          null,
          1,
          1,
          0,
          0,
          0,
          null,
          null,
          null,
          1,
          1,
          1,
          1,
          1,
          null,
          null,
          null,
          1,
          1,
          1,
          1,
          1,
          null,
          null,
          null,
          1,
          1,
          1,
          1,
          1,
          null,
          null,
          null,
          1,
          1,
          1,
          1,
          1,
          null,
          null,
          null,
          1,
          1,
          0,
          0,
          0,
          null,
          null,
          null,
          null,
          null
        ]
      },
      "/Users/ellabastian/Makers/Project_Fungis/app.rb": {
        "lines": [
          1,
          1,
          1,
          1,
          1,
          1,
          1,
          1,
          1,
          1,
          1,
          null,
          1,
          null,
          1,
          null,
          null,
          1,
          1,
          1,
          null,
          null,
          1,
          1,
          null,
          null,
          1,
          2,
          2,
          2,
          2,
          null,
          2,
          null,
          0,
          2,
          null,
          1,
          1,
          1,
          1,
          1,
          null,
          null,
          null,
          1,
          0,
          null,
          null,
          1,
          1,
          1,
          1,
          1,
          1,
          1,
          20,
          null,
          null,
          1,
          null,
          null,
          1,
          1,
          1,
          1,
          1,
          null,
          null,
          1,
          1,
          null,
          null,
          1,
          1,
          null,
          null,
          1,
          0,
          0,
          0,
          0,
          0,
          0,
          0,
          null,
          null,
          1,
          null,
          1,
          21,
          null,
          null,
          null
        ]
      },
      "/Users/ellabastian/Makers/Project_Fungis/lib/restaurant_finder.rb": {
        "lines": [
          1,
          1,
          null,
          1,
          1,
          3,
          3,
          3,
          null,
          null,
          1,
          1,
          21,
          null,
          null,
          1,
          1,
          21,
          null,
          null,
          1,
          1,
          1,
          null,
          null,
          null,
          null,
          null
        ]
      },
      "/Users/ellabastian/Makers/Project_Fungis/lib/user.rb": {
        "lines": [
          1,
          1,
          null
        ]
      },
      "/Users/ellabastian/Makers/Project_Fungis/lib/user_repository.rb": {
        "lines": [
          1,
          1,
          null,
          1,
          null,
          1,
          9,
          9,
          9,
          9,
          40,
          40,
          40,
          40,
          40,
          null,
          40,
          null,
          9,
          null,
          null,
          1,
          1,
          null,
          null,
          null,
          1,
          null,
          null,
          null,
          1,
          null,
          null,
          1,
          4,
          4,
          null,
          null,
          4,
          11,
          null,
          4,
          4,
          4,
          4,
          4,
          null,
          4,
          null,
          null,
          null
        ]
      },
      "/Users/ellabastian/Makers/Project_Fungis/spec/restaurant_finder_spec.rb": {
        "lines": [
          1,
          null,
          null,
          null,
          null,
          null,
          null,
          null,
          null,
          1,
          1,
          null,
          1,
          null,
          1,
          1,
          null,
          null,
          null,
          null,
          null,
          null,
          null,
          null,
          null,
          null,
          null,
          null,
          null,
          null,
          null,
          null,
          null,
          null,
          null
        ]
      },
      "/Users/ellabastian/Makers/Project_Fungis/spec/user_repositry_spec.rb": {
        "lines": [
          1,
          null,
          1,
          3,
          3,
          3,
          null,
          null,
          1,
          1,
          3,
          null,
          null,
          1,
          1,
          1,
          null,
          1,
          null,
          1,
          1,
          1,
          null,
          null,
          null,
          1,
          1,
          1,
          1,
          1,
          1,
          1,
          null,
          1,
          null,
          1,
          1,
          1,
          1,
          null,
          null,
          null,
          1,
          1,
          1,
          1,
          null,
          1,
          1,
          null,
          1,
          null,
          1,
          1,
          null,
          null,
          null,
          null,
          null
        ]
      }
    },
    "timestamp": 1665168092
  }
}
